[INFO   2023-06-29 11:41.46] [SYS_00000002]   Application (4.3.1.61) starting on Linux 5.10.60.1-microsoft-standard-WSL2 and JVM 11.0.11 Azul Systems, Inc.
[DETAIL 2023-06-29 11:41.47] Created native service connector on port: 35007 Authcode: 772760257
[INFO   2023-06-29 11:41.47] [SYS_00000002]   Switching to ACTIVE mode (UID=6349e2ab0e35)
[DEBUG  2023-06-29 11:41.47] [SYS_00000004]   Current memory usage is 17M of 1980M JVM memory. (1%)
[INFO   2023-06-29 11:41.47] [SYS_00000005]   Retrieving Database Schema information
[INFO   2023-06-29 11:41.47] [SYS_00000005]   Retrieved Database Schema information
[INFO   2023-06-29 11:41.47] [SYS_00000005]   Connected to database using jdbc:postgresql://postgresql:5432/aeo (DB_UID=B04681186729)
[DEBUG  2023-06-29 11:41.47] [SYS_00000004]   Current memory usage before reading definitions is 38M of 1980M JVM memory. (2%)
[DEBUG  2023-06-29 11:41.47] [SYS_00000005]   Database connections: 2 allocated, 1 active.
[DEBUG  2023-06-29 11:41.47] [SYS_00000004]   Current memory usage after reading definitions is 39M of 1980M JVM memory. (2%)
[DEBUG  2023-06-29 11:41.47] [SYS_00000005]   Database connections: 2 allocated, 1 active.
[DEBUG  2023-06-29 11:41.47] [SYS_00000004]   Current memory usage after reading data is 40M of 1980M JVM memory. (3%)
[DEBUG  2023-06-29 11:41.47] [SYS_00000005]   Database connections: 3 allocated, 0 active.
[DEBUG  2023-06-29 11:41.47] [SYS_00000008]   Assigned PRIMARY responsibilities for compiling, agents, resources, etc 
[DEBUG  2023-06-29 11:41.47] [SYS_00000008]   Server 6349e2ab0e35 takeover from 3ca4ed1079b6
[INFO   2023-06-29 11:41.48] Initialized NioUtil Agent socket system.VI
[INFO   2023-06-29 11:41.48] [SYS_00000002]   Initializing subsystems
[DEBUG  2023-06-29 11:41.48] Initializing subsystem threads
[DEBUG  2023-06-29 11:41.48] [SYS_00000000]   Creating policy list.
[DEBUG  2023-06-29 11:41.48] [SYS_00000000]   Read policy logs for non-forecasted triggers.
[INFO   2023-06-29 11:41.48] Initialized Nio client manager server socket system
[INFO   2023-06-29 11:41.48] [SYS_00000002]   Finished initializing subsystems
[ERROR  2023-06-29 11:41.48] [SYS_00000001]   License has expired (valid through 2023.05.23 only)
[DEBUG  2023-06-29 11:41.48] [SYS_00000011]   Received NEW_DAY event in SchedulerSystem
[DEBUG  2023-06-29 11:41.48] [SYS_00000004]   Current memory usage after initializing sub-systems is 70M of 1980M JVM memory. (4%)
[DEBUG  2023-06-29 11:41.48] [SYS_00000005]   Database connections: 4 allocated, 0 active.
[DEBUG  2023-06-29 11:41.48] [SYS_00000000]   Creating policy list.
[INFO   2023-06-29 11:41.48] [SYS_00000008]   Received primary responsibility
[DEBUG  2023-06-29 11:41.48] [SYS_00000011]   Received NEW_DAY event in SubCompilerSystem for 2023.06.29
[DEBUG  2023-06-29 11:41.48] [SYS_00000000]   Creating policy list.
[DEBUG  2023-06-29 11:41.48] [SYS_00000011]   Received NEW_DAY event in ProcessSystem for 2023.06.29
[DEBUG  2023-06-29 11:41.48] [SYS_00000011]   Received NEW_DAY event in MaintenanceSystem
[DEBUG  2023-06-29 11:41.48] [SYS_00000000]   Read policy logs for non-forecasted triggers.
[INFO   2023-06-29 11:41.48] [SYS_00000012]   Schedule creation for 2023.06.29 took 0 second(s).
[INFO   2023-06-29 11:41.48] [SYS_00000012]   Schedule creation for 2023.06.30 took 0 second(s).
[INFO   2023-06-29 11:41.48] [SYS_00000012]   Schedule creation for 2023.07.01 took 0 second(s).
[DEBUG  2023-06-29 11:41.48] [SYS_00000011]   Received NEW_DAY event in SubCompilerSystem for 2023.06.29
[DEBUG  2023-06-29 11:41.48] [SYS_00000011]   Received NEW_DAY event in DataSystem
[INFO   2023-06-29 11:41.48] [SYS_00000012]   Schedule creation for 2023.06.29 took 0 second(s).
[DEBUG  2023-06-29 11:41.48] [SYS_00000011]   Received NEW_DAY event in MaintenanceSystem
[INFO   2023-06-29 11:41.48] [SYS_00000001]   Server : aeo-scheduler:7910 Updated=2023.06.29 11.40.37 Version=4.3.1.61
[INFO   2023-06-29 11:41.48] [SYS_00000001]   Server : aeo-scheduler:7910 Updated=2023.06.29 11.41.48 Version=4.3.1.61
[INFO   2023-06-29 11:41.48] [SYS_00000012]   Schedule creation for 2023.06.30 took 0 second(s).
[INFO   2023-06-29 11:41.48] [SYS_00000001]   Client Manager : aeo-clientmgr:7911 Updated=2023.06.29 11.40.35 Version=4.3.1.61
[INFO   2023-06-29 11:41.48] [SYS_00000012]   Schedule creation for 2023.07.01 took 0 second(s).
[INFO   2023-06-29 11:41.48] Remote physical connection: Remote address: /127.0.0.1:43130 id: 105906f0
[ERROR  2023-06-29 11:41.51] [AGT_00000001]   Error in agent aeo-agent unable to connect to agent 'aeo-agent': Connection refused: aeo-agent/10.43.119.247:7913
[DEBUG  2023-06-29 11:42.03] [SYS_00000003]   Starting maintenance for current day
[DEBUG  2023-06-29 11:42.03] [SYS_00000003]   0 log records to be deleted
[DEBUG  2023-06-29 11:42.03] [SYS_00000003]   0 process summary records to be deleted
[DEBUG  2023-06-29 11:42.03] [SYS_00000003]   0 process detail records to be deleted
[DEBUG  2023-06-29 11:42.03] [SYS_00000003]   0 process output records to be deleted
[DEBUG  2023-06-29 11:42.03] [SYS_00000003]   0 process history records to be deleted
[DEBUG  2023-06-29 11:42.03] [SYS_00000003]   Ending maintenance for current day
[INFO   2023-06-29 11:42.03] Remote physical connection: Remote address: /10.42.2.21:52044 id: e471f233
[INFO   2023-06-29 11:42.03] Remote physical connection: Remote address: /10.42.2.21:52042 id: 78b851dc
[INFO   2023-06-29 11:42.03] Remote physical connection: Remote address: /10.42.2.21:52048 id: 9b3a44e6
[INFO   2023-06-29 11:42.04] [SYS_00000009]   ClientManager connected from aeo-clientmgr:7910
[INFO   2023-06-29 11:42.04] [SYS_00000009]   ClientManager connected from aeo-clientmgr:7910
[INFO   2023-06-29 11:42.04] [SYS_00000009]   ClientManager connected from aeo-clientmgr:7910
[INFO   2023-06-29 11:42.09] [SYS_00000010]   ClientManager disconnected from aeo-clientmgr:7910
[INFO   2023-06-29 11:42.09] [SYS_00000010]   ClientManager disconnected from aeo-clientmgr:7910
[INFO   2023-06-29 11:42.59] Remote physical connection: Remote address: /10.42.2.21:52542 id: a24c6d0a
[INFO   2023-06-29 11:42.59] [SYS_00000009]   ClientManager connected from aeo-clientmgr:7910
[INFO   2023-06-29 11:43.04] [SYS_00000010]   ClientManager disconnected from aeo-clientmgr:7910
[DEBUG  2023-06-29 11:46.48] [SYS_00000020]   Enabled agents: 1   Connected users: 0
[DEBUG  2023-06-29 11:46.48] [SYS_00000005]   Log insert time (millis): avg=3 high=7 low=1 cnt=10
[DEBUG  2023-06-29 11:46.48] [SYS_00000005]   Connection create time (millis): avg=13 high=13 low=13 cnt=1
[DEBUG  2023-06-29 11:51.48] [SYS_00000020]   Enabled agents: 1   Connected users: 0
[DEBUG  2023-06-29 11:51.48] [SYS_00000005]   Log insert time (millis): avg=0 high=0 low=-1 cnt=0
[DEBUG  2023-06-29 11:51.48] [SYS_00000005]   Connection create time (millis): avg=0 high=0 low=-1 cnt=0
[DEBUG  2023-06-29 11:56.49] [SYS_00000020]   Enabled agents: 1   Connected users: 0
[DEBUG  2023-06-29 11:56.49] [SYS_00000005]   Log insert time (millis): avg=0 high=0 low=-1 cnt=0
[DEBUG  2023-06-29 11:56.49] [SYS_00000005]   Connection create time (millis): avg=0 high=0 low=-1 cnt=0
[DEBUG  2023-06-29 12:01.49] [SYS_00000020]   Enabled agents: 1   Connected users: 0
[DEBUG  2023-06-29 12:01.49] [SYS_00000005]   Log insert time (millis): avg=0 high=0 low=-1 cnt=0
[DEBUG  2023-06-29 12:01.49] [SYS_00000005]   Connection create time (millis): avg=0 high=0 low=-1 cnt=0
[DEBUG  2023-06-29 12:06.49] [SYS_00000020]   Enabled agents: 1   Connected users: 0
[DEBUG  2023-06-29 12:06.49] [SYS_00000005]   Log insert time (millis): avg=0 high=0 low=-1 cnt=0
[DEBUG  2023-06-29 12:06.49] [SYS_00000005]   Connection create time (millis): avg=0 high=0 low=-1 cnt=0
