[INFO   2023-06-29 11:41.47] [SYS_00000002]   Application (4.3.1.61) starting on Linux 5.10.60.1-microsoft-standard-WSL2 and JVM 11.0.11 Azul Systems, Inc.
[DETAIL 2023-06-29 11:41.47] Created native service connector on port: 33825 Authcode: 1533090902
[INFO   2023-06-29 11:41.47] [SYS_00000002]   Switching to ACTIVE mode (UID=ab1c6e29d096)
[DEBUG  2023-06-29 11:41.47] [SYS_00000004]   Current memory usage is 17M of 1980M JVM memory. (1%)
[INFO   2023-06-29 11:41.48] [SYS_00000005]   Retrieving Database Schema information
[INFO   2023-06-29 11:41.48] [SYS_00000005]   Retrieved Database Schema information
[INFO   2023-06-29 11:41.48] [SYS_00000005]   Connected to database using jdbc:postgresql://postgresql:5432/aeo (DB_UID=B04681186729)
[DEBUG  2023-06-29 11:41.48] [SYS_00000004]   Current memory usage before reading definitions is 40M of 1980M JVM memory. (3%)
[DEBUG  2023-06-29 11:41.48] [SYS_00000005]   Database connections: 2 allocated, 1 active.
[DEBUG  2023-06-29 11:41.48] [SYS_00000004]   Current memory usage after reading definitions is 41M of 1980M JVM memory. (3%)
[DEBUG  2023-06-29 11:41.48] [SYS_00000005]   Database connections: 2 allocated, 1 active.
[DEBUG  2023-06-29 11:41.48] [SYS_00000004]   Current memory usage after reading data is 42M of 1980M JVM memory. (3%)
[DEBUG  2023-06-29 11:41.48] [SYS_00000005]   Database connections: 3 allocated, 0 active.
[INFO   2023-06-29 11:41.48] Initialized NioUtil Agent socket system.VI
[INFO   2023-06-29 11:41.48] [SYS_00000002]   Initializing subsystems
[DEBUG  2023-06-29 11:41.48] Initializing subsystem threads
[DEBUG  2023-06-29 11:41.48] [SYS_00000000]   Creating policy list.
[DEBUG  2023-06-29 11:41.48] [SYS_00000000]   Read policy logs for non-forecasted triggers.
[INFO   2023-06-29 11:41.49] Initialized Nio client manager server socket system
[INFO   2023-06-29 11:41.49] [SYS_00000002]   Finished initializing subsystems
[ERROR  2023-06-29 11:41.49] [SYS_00000001]   License has expired (valid through 2023.05.23 only)
[DEBUG  2023-06-29 11:41.49] [SYS_00000011]   Received NEW_DAY event in SchedulerSystem
[DEBUG  2023-06-29 11:41.49] [SYS_00000004]   Current memory usage after initializing sub-systems is 72M of 1980M JVM memory. (4%)
[DEBUG  2023-06-29 11:41.49] [SYS_00000005]   Database connections: 6 allocated, 0 active.
[DEBUG  2023-06-29 11:41.49] [SYS_00000000]   Creating policy list.
[DEBUG  2023-06-29 11:41.49] [SYS_00000011]   Received NEW_DAY event in ProcessSystem for 2023.06.29
[DEBUG  2023-06-29 11:41.49] [SYS_00000011]   Received NEW_DAY event in DataSystem
[INFO   2023-06-29 11:41.49] [SYS_00000001]   Server : aeo-scheduler:7910 Updated=2023.06.29 11.40.37 Version=4.3.1.61
[INFO   2023-06-29 11:41.49] [SYS_00000001]   Server : aeo-scheduler:7910 Updated=2023.06.29 11.41.48 Version=4.3.1.61
[INFO   2023-06-29 11:41.49] [SYS_00000001]   Server : aeo-scheduler:7910 Updated=2023.06.29 11.41.48 Version=4.3.1.61
[INFO   2023-06-29 11:41.49] [SYS_00000001]   Client Manager : aeo-clientmgr:7911 Updated=2023.06.29 11.40.35 Version=4.3.1.61
[INFO   2023-06-29 11:41.49] Remote physical connection: Remote address: /127.0.0.1:43140 id: c6a6b3ee
[INFO   2023-06-29 11:41.51] [SYS_00000001]   Received new production day transaction: 6/29/23
[INFO   2023-06-29 11:43.54] Remote physical connection: Remote address: /10.42.2.21:53042 id: 5b6ffea0
[INFO   2023-06-29 11:43.54] [SYS_00000009]   ClientManager connected from aeo-clientmgr:7910
[DEBUG  2023-06-29 11:46.49] [SYS_00000020]   Enabled agents: 0   Connected users: 0
[DEBUG  2023-06-29 11:46.49] [SYS_00000005]   Log insert time (millis): avg=3 high=5 low=2 cnt=3
[DEBUG  2023-06-29 11:46.49] [SYS_00000005]   Connection create time (millis): avg=21 high=21 low=21 cnt=1
[DEBUG  2023-06-29 11:51.49] [SYS_00000020]   Enabled agents: 0   Connected users: 0
[DEBUG  2023-06-29 11:51.49] [SYS_00000005]   Log insert time (millis): avg=0 high=0 low=-1 cnt=0
[DEBUG  2023-06-29 11:51.49] [SYS_00000005]   Connection create time (millis): avg=0 high=0 low=-1 cnt=0
[DEBUG  2023-06-29 11:56.49] [SYS_00000020]   Enabled agents: 0   Connected users: 0
[DEBUG  2023-06-29 11:56.49] [SYS_00000005]   Log insert time (millis): avg=0 high=0 low=-1 cnt=0
[DEBUG  2023-06-29 11:56.49] [SYS_00000005]   Connection create time (millis): avg=0 high=0 low=-1 cnt=0
[DEBUG  2023-06-29 12:01.50] [SYS_00000020]   Enabled agents: 0   Connected users: 0
[DEBUG  2023-06-29 12:01.50] [SYS_00000005]   Log insert time (millis): avg=0 high=0 low=-1 cnt=0
[DEBUG  2023-06-29 12:01.50] [SYS_00000005]   Connection create time (millis): avg=0 high=0 low=-1 cnt=0
[DEBUG  2023-06-29 12:06.50] [SYS_00000020]   Enabled agents: 0   Connected users: 0
[DEBUG  2023-06-29 12:06.50] [SYS_00000005]   Log insert time (millis): avg=0 high=0 low=-1 cnt=0
[DEBUG  2023-06-29 12:06.50] [SYS_00000005]   Connection create time (millis): avg=0 high=0 low=-1 cnt=0
